<?xml version="1.0" encoding="UTF-8"?>
<!-- Generated by org.testng.reporters.JUnitXMLReporter -->
<testsuite ignored="4" hostname="DESKTOP-G13V6T1" failures="0" tests="1" name="Default test" time="3.619" errors="0" timestamp="2025-03-10T06:19:38 IST">
  <testcase classname="com.example.restassured.API.APIChaining" name="findEmployeeByID" time="3.551"/>
  <testcase classname="com.example.restassured.API.APIChaining" name="getAllEmployees" time="0.0">
    <ignored/>
  </testcase> <!-- getAllEmployees -->
  <testcase classname="com.example.restassured.API.APIChaining" name="deleteEmployeeById" time="0.0">
    <ignored/>
  </testcase> <!-- deleteEmployeeById -->
  <testcase classname="com.example.restassured.API.APIChaining" name="getObject" time="0.0">
    <ignored/>
  </testcase> <!-- getObject -->
  <testcase classname="com.example.restassured.API.APIChaining" name="updateEmployeeByEmail" time="0.0">
    <ignored/>
  </testcase> <!-- updateEmployeeByEmail -->
</testsuite> <!-- Default test -->
