<?xml version="1.0" encoding="UTF-8"?>
<testng-results ignored="0" total="1" passed="1" failed="0" skipped="0">
  <reporter-output>
  </reporter-output>
  <suite started-at="2025-03-10T06:19:35 IST" name="Default suite" finished-at="2025-03-10T06:19:38 IST" duration-ms="3619">
    <groups>
    </groups>
    <test started-at="2025-03-10T06:19:35 IST" name="Default test" finished-at="2025-03-10T06:19:38 IST" duration-ms="3619">
      <class name="com.example.restassured.API.APIChaining">
        <test-method signature="findEmployeeByID()[pri:0, instance:com.example.restassured.API.APIChaining@7205765b]" started-at="2025-03-10T06:19:35 IST" name="findEmployeeByID" finished-at="2025-03-10T06:19:38 IST" duration-ms="3551" status="PASS">
          <reporter-output>
          </reporter-output>
        </test-method> <!-- findEmployeeByID -->
      </class> <!-- com.example.restassured.API.APIChaining -->
    </test> <!-- Default test -->
  </suite> <!-- Default suite -->
</testng-results>
