<?xml version="1.0" encoding="UTF-8"?>
<!-- Generated by org.testng.reporters.JUnitReportReporter -->
<testsuite hostname="DESKTOP-G13V6T1" failures="0" tests="2" name="com.example.restassured.day3.HeadersDemo" time="1.756" errors="0" timestamp="2025-03-04T06:17:06 IST" skipped="0">
  <testcase classname="com.example.restassured.day3.HeadersDemo" name="getHeaders" time="1.695"/>
  <testcase classname="com.example.restassured.day3.HeadersDemo" name="testHeaders" time="0.061"/>
</testsuite> <!-- com.example.restassured.day3.HeadersDemo -->
